<?xml version="1.0" encoding="UTF-8"?>
<!-- Generated by org.testng.reporters.JUnitReportReporter -->
<testsuite hostname="DESKTOP-K54VKPM" failures="0" tests="1" name="test_Scripts.FireLawn_ELECTRONIC_002" time="15.614" errors="0" timestamp="2023-06-26T16:20:36 IST" skipped="0">
  <testcase classname="test_Scripts.FireLawn_ELECTRONIC_002" name="fireLawnElectronics_002" time="15.614"/>
  <system-out/>
</testsuite> <!-- test_Scripts.FireLawn_ELECTRONIC_002 -->
