<?xml version="1.0" encoding="UTF-8"?>
<!-- Generated by org.testng.reporters.JUnitReportReporter -->
<testsuite hostname="DESKTOP-K54VKPM" failures="0" tests="1" name="test_Scripts.FireLawn_ELECTRONIC_001" time="10.502" errors="0" timestamp="2023-06-26T15:57:23 IST" skipped="0">
  <testcase classname="test_Scripts.FireLawn_ELECTRONIC_001" name="fireLawnElectronics_001" time="10.502"/>
  <system-out/>
</testsuite> <!-- test_Scripts.FireLawn_ELECTRONIC_001 -->
