<?xml version="1.0" encoding="UTF-8"?>
<!-- Generated by org.testng.reporters.JUnitReportReporter -->
<testsuite hostname="DESKTOP-K54VKPM" failures="0" tests="1" name="test_Scripts.FireLawn_ELECTRONIC_005" time="8.060" errors="0" timestamp="2023-06-27T09:53:18 IST" skipped="0">
  <testcase classname="test_Scripts.FireLawn_ELECTRONIC_005" name="fireLawn_electronics_005" time="8.060"/>
  <system-out/>
</testsuite> <!-- test_Scripts.FireLawn_ELECTRONIC_005 -->
