<?xml version="1.0" encoding="UTF-8"?>
<!-- Generated by org.testng.reporters.JUnitReportReporter -->
<testsuite hostname="DESKTOP-K54VKPM" failures="0" tests="1" name="test_Scripts.FireLawn_ELECTRONIC_004" time="21.130" errors="0" timestamp="2023-06-26T17:26:13 IST" skipped="0">
  <testcase classname="test_Scripts.FireLawn_ELECTRONIC_004" name="fireLawn_electronics_004" time="21.130"/>
  <system-out/>
</testsuite> <!-- test_Scripts.FireLawn_ELECTRONIC_004 -->
