<?xml version="1.0" encoding="UTF-8"?>
<!-- Generated by org.testng.reporters.JUnitReportReporter -->
<testsuite hostname="DESKTOP-K54VKPM" failures="0" tests="1" name="test_Scripts.FireLawn_ELECTRONIC_010" time="18.785" errors="0" timestamp="2023-06-27T12:45:34 IST" skipped="0">
  <testcase classname="test_Scripts.FireLawn_ELECTRONIC_010" name="fireLawn_electronics_008" time="18.785"/>
  <system-out/>
</testsuite> <!-- test_Scripts.FireLawn_ELECTRONIC_010 -->
