<?xml version="1.0" encoding="UTF-8"?>
<!-- Generated by org.testng.reporters.JUnitReportReporter -->
<testsuite hostname="DESKTOP-K54VKPM" failures="0" tests="1" name="test_Scripts.FireLawn_ELECTRONIC_042" time="23.314" errors="0" timestamp="2023-06-27T17:42:37 IST" skipped="0">
  <testcase classname="test_Scripts.FireLawn_ELECTRONIC_042" name="fireLawn_electronics_042" time="23.314"/>
  <system-out/>
</testsuite> <!-- test_Scripts.FireLawn_ELECTRONIC_042 -->
