<?xml version="1.0" encoding="UTF-8"?>
<!-- Generated by org.testng.reporters.JUnitReportReporter -->
<testsuite hostname="DESKTOP-K54VKPM" failures="0" tests="1" name="test_Scripts.FireLawn_ELECTRONIC_006" time="13.890" errors="0" timestamp="2023-06-27T11:11:04 IST" skipped="0">
  <testcase classname="test_Scripts.FireLawn_ELECTRONIC_006" name="fireLawn_electronics_006" time="13.890"/>
  <system-out/>
</testsuite> <!-- test_Scripts.FireLawn_ELECTRONIC_006 -->
