<?xml version="1.0" encoding="UTF-8"?>
<!-- Generated by org.testng.reporters.JUnitReportReporter -->
<testsuite hostname="DESKTOP-K54VKPM" failures="0" tests="1" name="test_Scripts.FireLawn_ELECTRONIC_008" time="18.005" errors="0" timestamp="2023-06-27T12:02:59 IST" skipped="0">
  <testcase classname="test_Scripts.FireLawn_ELECTRONIC_008" name="fireLawn_electronics_008" time="18.005"/>
  <system-out/>
</testsuite> <!-- test_Scripts.FireLawn_ELECTRONIC_008 -->
